<?xml version="1.0" encoding="UTF-8" standalone="yes"?><!DOCTYPE report PUBLIC "-//JACOCO//DTD Report 1.1//EN" "report.dtd"><report name="Task1"><sessioninfo id="Daniel-MacBook-Air.local-ca0b3e68" start="1756975112715" dump="1756975113187"/><package name=""><class name="Main" sourcefilename="Main.java"><method name="&lt;init&gt;" desc="()V" line="4"><counter type="INSTRUCTION" missed="3" covered="0"/><counter type="LINE" missed="1" covered="0"/><counter type="COMPLEXITY" missed="1" covered="0"/><counter type="METHOD" missed="1" covered="0"/></method><method name="main" desc="([Ljava/lang/String;)V" line="6"><counter type="INSTRUCTION" missed="2" covered="0"/><counter type="LINE" missed="2" covered="0"/><counter type="COMPLEXITY" missed="1" covered="0"/><counter type="METHOD" missed="1" covered="0"/></method><method name="getYears" desc="(Ljava/lang/String;)I" line="10"><counter type="INSTRUCTION" missed="6" covered="16"/><counter type="BRANCH" missed="3" covered="1"/><counter type="LINE" missed="4" covered="4"/><counter type="COMPLEXITY" missed="3" covered="1"/><counter type="METHOD" missed="0" covered="1"/></method><method name="userInput" desc="()V" line="27"><counter type="INSTRUCTION" missed="27" covered="0"/><counter type="BRANCH" missed="2" covered="0"/><counter type="LINE" missed="8" covered="0"/><counter type="COMPLEXITY" missed="2" covered="0"/><counter type="METHOD" missed="1" covered="0"/></method><counter type="INSTRUCTION" missed="38" covered="16"/><counter type="BRANCH" missed="5" covered="1"/><counter type="LINE" missed="15" covered="4"/><counter type="COMPLEXITY" missed="7" covered="1"/><counter type="METHOD" missed="3" covered="1"/><counter type="CLASS" missed="0" covered="1"/></class><sourcefile name="Main.java"><line nr="4" mi="3" ci="0" mb="0" cb="0"/><line nr="6" mi="1" ci="0" mb="0" cb="0"/><line nr="7" mi="1" ci="0" mb="0" cb="0"/><line nr="10" mi="0" ci="2" mb="0" cb="0"/><line nr="12" mi="0" ci="10" mb="3" cb="1"/><line nr="14" mi="2" ci="0" mb="0" cb="0"/><line nr="15" mi="1" ci="0" mb="0" cb="0"/><line nr="17" mi="2" ci="0" mb="0" cb="0"/><line nr="18" mi="1" ci="0" mb="0" cb="0"/><line nr="20" mi="0" ci="2" mb="0" cb="0"/><line nr="23" mi="0" ci="2" mb="0" cb="0"/><line nr="27" mi="5" ci="0" mb="0" cb="0"/><line nr="28" mi="3" ci="0" mb="0" cb="0"/><line nr="29" mi="5" ci="0" mb="0" cb="0"/><line nr="30" mi="3" ci="0" mb="0" cb="0"/><line nr="32" mi="2" ci="0" mb="2" cb="0"/><line nr="33" mi="4" ci="0" mb="0" cb="0"/><line nr="35" mi="4" ci="0" mb="0" cb="0"/><line nr="37" mi="1" ci="0" mb="0" cb="0"/><counter type="INSTRUCTION" missed="38" covered="16"/><counter type="BRANCH" missed="5" covered="1"/><counter type="LINE" missed="15" covered="4"/><counter type="COMPLEXITY" missed="7" covered="1"/><counter type="METHOD" missed="3" covered="1"/><counter type="CLASS" missed="0" covered="1"/></sourcefile><counter type="INSTRUCTION" missed="38" covered="16"/><counter type="BRANCH" missed="5" covered="1"/><counter type="LINE" missed="15" covered="4"/><counter type="COMPLEXITY" missed="7" covered="1"/><counter type="METHOD" missed="3" covered="1"/><counter type="CLASS" missed="0" covered="1"/></package><counter type="INSTRUCTION" missed="38" covered="16"/><counter type="BRANCH" missed="5" covered="1"/><counter type="LINE" missed="15" covered="4"/><counter type="COMPLEXITY" missed="7" covered="1"/><counter type="METHOD" missed="3" covered="1"/><counter type="CLASS" missed="0" covered="1"/></report>